Сборка начата 30.05.2016 9:54:23.
     1>Проект "C:\Users\harya\Documents\Visual Studio 2015\Projects\hashtable\hashtable\hashtable.vcxproj" в узле 2 (целевые объекты Build).
     1>ClCompile:
         D:\С\VC\bin\CL.exe /c /ZI /nologo /W3 /WX- /sdl /Od /Oy- /D _MBCS /Gm /EHsc /RTC1 /MDd /GS /fp:precise /Zc:wchar_t /Zc:forScope /Zc:inline /Fo"Debug\\" /Fd"Debug\vc140.pdb" /Gd /TP /analyze- /errorReport:prompt Source.cpp
         Source.cpp
     1>c:\users\harya\documents\visual studio 2015\projects\hashtable\hashtable\hashtable.h(24): warning C4812: устаревший стиль объявления: используйте "Hashtable<T,Key>::Hashtable" как альтернативу
     1>c:\users\harya\documents\visual studio 2015\projects\hashtable\hashtable\hashtable.h(34): warning C4812: устаревший стиль объявления: используйте "Hashtable<T,Key>::~Hashtable" как альтернативу
     1>c:\users\harya\documents\visual studio 2015\projects\hashtable\hashtable\hashtable.h(24): warning C4812: устаревший стиль объявления: используйте "Hashtable<int,int>::Hashtable" как альтернативу
         c:\users\harya\documents\visual studio 2015\projects\hashtable\hashtable\hashtable.h(25): note: при компиляции функции-члена "<Нет данных>" класса <Нет данных>
         c:\users\harya\documents\visual studio 2015\projects\hashtable\hashtable\source.cpp(17): note: см. ссылку на создание экземпляров функции шаблон при компиляции "Hashtable<int,int>::Hashtable(int,int (__cdecl *)(Key),Key (__cdecl *)(const T &))"
                 with
                 [
                     Key=int,
                     T=int
                 ]
         c:\users\harya\documents\visual studio 2015\projects\hashtable\hashtable\source.cpp(17): note: см. ссылку на создание экземпляров класса шаблон при компиляции "Hashtable<int,int>"
     1>c:\users\harya\documents\visual studio 2015\projects\hashtable\hashtable\hashtable.h(34): warning C4812: устаревший стиль объявления: используйте "Hashtable<int,int>::~Hashtable" как альтернативу
         c:\users\harya\documents\visual studio 2015\projects\hashtable\hashtable\hashtable.h(35): note: при компиляции функции-члена "<Нет данных>" класса <Нет данных>
         c:\users\harya\documents\visual studio 2015\projects\hashtable\hashtable\source.cpp(26): note: см. ссылку на создание экземпляров функции шаблон при компиляции "Hashtable<int,int>::~Hashtable(void)"
       Link:
         D:\С\VC\bin\link.exe /ERRORREPORT:PROMPT /OUT:"C:\Users\harya\Documents\Visual Studio 2015\Projects\hashtable\Debug\hashtable.exe" /INCREMENTAL /NOLOGO kernel32.lib user32.lib gdi32.lib winspool.lib comdlg32.lib advapi32.lib shell32.lib ole32.lib oleaut32.lib uuid.lib odbc32.lib odbccp32.lib /MANIFEST /MANIFESTUAC:"level='asInvoker' uiAccess='false'" /manifest:embed /Debug /PDB:"C:\Users\harya\Documents\Visual Studio 2015\Projects\hashtable\Debug\hashtable.pdb" /TLBID:1 /DYNAMICBASE /NXCOMPAT /IMPLIB:"C:\Users\harya\Documents\Visual Studio 2015\Projects\hashtable\Debug\hashtable.lib" /MACHINE:X86 Debug\Source.obj
         hashtable.vcxproj -> C:\Users\harya\Documents\Visual Studio 2015\Projects\hashtable\Debug\hashtable.exe
     1>Сборка проекта "C:\Users\harya\Documents\Visual Studio 2015\Projects\hashtable\hashtable\hashtable.vcxproj" завершена (целевые объекты Build).

Сборка успешно завершена.

Затраченное время: 00:00:06.47
