Сборка начата 02.01.2017 7:25:55.
     1>Проект "C:\Users\harya\Documents\Visual Studio 2015\Projects\Игорь\Игорь\Игорь.vcxproj" в узле 2 (целевые объекты Build).
     1>ClCompile:
         D:\С\VC\bin\CL.exe /c /ZI /nologo /W3 /WX- /sdl /Od /Oy- /D _UNICODE /D UNICODE /Gm /EHsc /RTC1 /MDd /GS /fp:precise /Zc:wchar_t /Zc:forScope /Zc:inline /Fo"Debug\\" /Fd"Debug\vc140.pdb" /Gd /TP /analyze- /errorReport:prompt "Source (4).cpp" Source.cpp tgaimage.cpp
         tgaimage.cpp
         Source.cpp
         Source (4).cpp
     1>c:\users\harya\documents\visual studio 2015\projects\игорь\игорь\source (4).cpp(196): warning C4244: инициализация: преобразование "double" в "float", возможна потеря данных
     1>c:\users\harya\documents\visual studio 2015\projects\игорь\игорь\source (4).cpp(196): warning C4244: =: преобразование "double" в "float", возможна потеря данных
     1>c:\users\harya\documents\visual studio 2015\projects\игорь\игорь\source (4).cpp(197): warning C4244: инициализация: преобразование "double" в "float", возможна потеря данных
     1>c:\users\harya\documents\visual studio 2015\projects\игорь\игорь\source (4).cpp(197): warning C4244: =: преобразование "double" в "float", возможна потеря данных
     1>c:\users\harya\documents\visual studio 2015\projects\игорь\игорь\source (4).cpp(198): warning C4244: инициализация: преобразование "double" в "float", возможна потеря данных
     1>c:\users\harya\documents\visual studio 2015\projects\игорь\игорь\source (4).cpp(198): warning C4244: =: преобразование "double" в "float", возможна потеря данных
     1>c:\users\harya\documents\visual studio 2015\projects\игорь\игорь\source (4).cpp(199): warning C4244: инициализация: преобразование "double" в "int", возможна потеря данных
     1>c:\users\harya\documents\visual studio 2015\projects\игорь\игорь\source (4).cpp(204): warning C4244: инициализация: преобразование "double" в "int", возможна потеря данных
     1>c:\users\harya\documents\visual studio 2015\projects\игорь\игорь\source (4).cpp(213): warning C4244: инициализация: преобразование "double" в "int", возможна потеря данных
     1>c:\users\harya\documents\visual studio 2015\projects\игорь\игорь\source (4).cpp(215): warning C4244: аргумент: преобразование "double" в "int", возможна потеря данных
     1>c:\users\harya\documents\visual studio 2015\projects\игорь\игорь\source (4).cpp(207): warning C4101: bz: неиспользованная локальная переменная
     1>c:\users\harya\documents\visual studio 2015\projects\игорь\игорь\source (4).cpp(207): warning C4101: az: неиспользованная локальная переменная
     1>c:\users\harya\documents\visual studio 2015\projects\игорь\игорь\source (4).cpp(257): warning C4244: инициализация: преобразование "double" в "int", возможна потеря данных
     1>c:\users\harya\documents\visual studio 2015\projects\игорь\игорь\source (4).cpp(262): warning C4244: инициализация: преобразование "double" в "int", возможна потеря данных
     1>c:\users\harya\documents\visual studio 2015\projects\игорь\игорь\source (4).cpp(272): warning C4244: инициализация: преобразование "double" в "int", возможна потеря данных
     1>c:\users\harya\documents\visual studio 2015\projects\игорь\игорь\source (4).cpp(278): warning C4244: инициализация: преобразование "double" в "int", возможна потеря данных
     1>c:\users\harya\documents\visual studio 2015\projects\игорь\игорь\source (4).cpp(281): warning C4244: =: преобразование "double" в "int", возможна потеря данных
     1>c:\users\harya\documents\visual studio 2015\projects\игорь\игорь\source (4).cpp(282): warning C4244: аргумент: преобразование "double" в "int", возможна потеря данных
     1>c:\users\harya\documents\visual studio 2015\projects\игорь\игорь\source (4).cpp(317): warning C4244: инициализация: преобразование "double" в "int", возможна потеря данных
     1>c:\users\harya\documents\visual studio 2015\projects\игорь\игорь\source (4).cpp(321): warning C4244: инициализация: преобразование "double" в "int", возможна потеря данных
     1>c:\users\harya\documents\visual studio 2015\projects\игорь\игорь\source (4).cpp(343): warning C4244: инициализация: преобразование "double" в "int", возможна потеря данных
     1>c:\users\harya\documents\visual studio 2015\projects\игорь\игорь\source (4).cpp(356): warning C4244: инициализация: преобразование "double" в "int", возможна потеря данных
     1>c:\users\harya\documents\visual studio 2015\projects\игорь\игорь\source (4).cpp(361): warning C4244: =: преобразование "double" в "int", возможна потеря данных
     1>c:\users\harya\documents\visual studio 2015\projects\игорь\игорь\source (4).cpp(362): warning C4244: аргумент: преобразование "double" в "int", возможна потеря данных
     1>c:\users\harya\documents\visual studio 2015\projects\игорь\игорь\source (4).cpp(364): warning C4244: аргумент: преобразование "double" в "int", возможна потеря данных
     1>c:\users\harya\documents\visual studio 2015\projects\игорь\игорь\source (4).cpp(511): warning C4018: <: несоответствие типов со знаком и без знака
     1>c:\users\harya\documents\visual studio 2015\projects\игорь\игорь\source (4).cpp(554): warning C4018: <: несоответствие типов со знаком и без знака
     1>c:\users\harya\documents\visual studio 2015\projects\игорь\игорь\source (4).cpp(596): warning C4018: <: несоответствие типов со знаком и без знака
     1>c:\users\harya\documents\visual studio 2015\projects\игорь\игорь\source (4).cpp(619): warning C4244: =: преобразование "double" в "int", возможна потеря данных
     1>c:\users\harya\documents\visual studio 2015\projects\игорь\игорь\source (4).cpp(631): warning C4244: =: преобразование "double" в "int", возможна потеря данных
     1>c:\users\harya\documents\visual studio 2015\projects\игорь\игорь\source (4).cpp(646): warning C4244: =: преобразование "double" в "int", возможна потеря данных
     1>c:\users\harya\documents\visual studio 2015\projects\игорь\игорь\source (4).cpp(658): warning C4244: =: преобразование "double" в "int", возможна потеря данных
     1>c:\users\harya\documents\visual studio 2015\projects\игорь\игорь\source (4).cpp(673): warning C4244: =: преобразование "double" в "int", возможна потеря данных
     1>c:\users\harya\documents\visual studio 2015\projects\игорь\игорь\source (4).cpp(685): warning C4244: =: преобразование "double" в "int", возможна потеря данных
     1>c:\users\harya\documents\visual studio 2015\projects\игорь\игорь\source (4).cpp(701): warning C4244: инициализация: преобразование "double" в "float", возможна потеря данных
         Создание кода...
       Link:
         D:\С\VC\bin\link.exe /ERRORREPORT:PROMPT /OUT:"C:\Users\harya\Documents\Visual Studio 2015\Projects\Игорь\Debug\Игорь.exe" /INCREMENTAL /NOLOGO kernel32.lib user32.lib gdi32.lib winspool.lib comdlg32.lib advapi32.lib shell32.lib ole32.lib oleaut32.lib uuid.lib odbc32.lib odbccp32.lib /MANIFEST /MANIFESTUAC:"level='asInvoker' uiAccess='false'" /manifest:embed /Debug /PDB:"C:\Users\harya\Documents\Visual Studio 2015\Projects\Игорь\Debug\Игорь.pdb" /TLBID:1 /DYNAMICBASE /NXCOMPAT /IMPLIB:"C:\Users\harya\Documents\Visual Studio 2015\Projects\Игорь\Debug\Игорь.lib" /MACHINE:X86 "Debug\Source (4).obj"
         Debug\Source.obj
         Debug\tgaimage.obj
         Игорь.vcxproj -> C:\Users\harya\Documents\Visual Studio 2015\Projects\Игорь\Debug\Игорь.exe
     1>Сборка проекта "C:\Users\harya\Documents\Visual Studio 2015\Projects\Игорь\Игорь\Игорь.vcxproj" завершена (целевые объекты Build).

Сборка успешно завершена.

Затраченное время: 00:00:04.46
